May 29, 2015 5:51:51 PM com.mycompany.parcinghtml.ParsingMatch parseGoals
SEVERE: Player wasnt found in db: Assist{id=30, match=6, player=RéwayPolášek, goal=21, playerID=0}
May 29, 2015 5:51:58 PM com.mycompany.parcinghtml.ParsingMatch parseMatch
SEVERE: Parsing failed for match with id: Match{id=17, date=2014-10-31, opponent=null, spartaGoals=0, opponentGoals=0, spartaShots=0, opponentShots=0, spartaPenalty=0, opponentPenalty=0, home=null, bestPlayer=null, playoff=null, season=2015}
java.lang.IndexOutOfBoundsException: Index: 9, Size: 9
	at java.util.ArrayList.rangeCheck(ArrayList.java:653)
	at java.util.ArrayList.get(ArrayList.java:429)
	at com.mycompany.parcinghtml.ParsingMatch.parseMatch(ParsingMatch.java:100)
	at com.mycompany.parcinghtml.ParsingAllMatches.parsingMatches(ParsingAllMatches.java:45)
	at com.mycompany.parcinghtml.Main.main(Main.java:37)

May 29, 2015 5:51:59 PM com.mycompany.parcinghtml.ParsingMatch parseMatch
SEVERE: Parsing failed for match with id: Match{id=20, date=2014-11-16, opponent=null, spartaGoals=0, opponentGoals=0, spartaShots=0, opponentShots=0, spartaPenalty=0, opponentPenalty=0, home=null, bestPlayer=null, playoff=null, season=2015}
java.lang.IndexOutOfBoundsException: Index: 9, Size: 9
	at java.util.ArrayList.rangeCheck(ArrayList.java:653)
	at java.util.ArrayList.get(ArrayList.java:429)
	at com.mycompany.parcinghtml.ParsingMatch.parseMatch(ParsingMatch.java:100)
	at com.mycompany.parcinghtml.ParsingAllMatches.parsingMatches(ParsingAllMatches.java:45)
	at com.mycompany.parcinghtml.Main.main(Main.java:37)

May 29, 2015 5:52:08 PM com.mycompany.parcinghtml.ParsingMatch parseMatch
SEVERE: Parsing failed for match with id: Match{id=35, date=2015-01-06, opponent=null, spartaGoals=0, opponentGoals=0, spartaShots=0, opponentShots=0, spartaPenalty=0, opponentPenalty=0, home=null, bestPlayer=null, playoff=null, season=2015}
java.lang.IndexOutOfBoundsException: Index: 9, Size: 9
	at java.util.ArrayList.rangeCheck(ArrayList.java:653)
	at java.util.ArrayList.get(ArrayList.java:429)
	at com.mycompany.parcinghtml.ParsingMatch.parseMatch(ParsingMatch.java:100)
	at com.mycompany.parcinghtml.ParsingAllMatches.parsingMatches(ParsingAllMatches.java:45)
	at com.mycompany.parcinghtml.Main.main(Main.java:37)

May 29, 2015 5:52:13 PM com.mycompany.parcinghtml.ParsingMatch parseGoals
SEVERE: Player wasnt found in db: Assist{id=230, match=44, player=Novotný, goal=142, playerID=0}
May 29, 2015 5:52:13 PM com.mycompany.parcinghtml.ParsingMatch parseGoals
SEVERE: Player wasnt found in db: Assist{id=236, match=44, player=Novotný, goal=145, playerID=0}
May 29, 2015 5:52:17 PM com.mycompany.parcinghtml.ParsingMatch parseGoals
SEVERE: Player wasnt found in db: Assist{id=279, match=51, player=Novák, goal=173, playerID=0}
May 29, 2015 5:52:18 PM com.mycompany.parcinghtml.ParsingMatch parseGoals
SEVERE: Player wasnt found in db: Goal{id=176, match=52, player=Novák, minit=20, playerID=0}
May 29, 2015 5:52:18 PM com.mycompany.parcinghtml.ParsingMatch parseGoals
SEVERE: Player wasnt found in db: Goal{id=177, match=52, player=Novák, minit=27, playerID=0}
May 29, 2015 5:52:18 PM com.mycompany.parcinghtml.ParsingMatch parseGoals
SEVERE: Player wasnt found in db: Assist{id=294, match=52, player=Bílek, goal=181, playerID=0}
May 29, 2015 5:52:24 PM com.mycompany.parcinghtml.ParsingMatch parseMatch
SEVERE: Parsing failed for match with id: Match{id=61, date=2015-04-04, opponent=HC Oceláři Třinec, spartaGoals=2, opponentGoals=3, spartaShots=32, opponentShots=39, spartaPenalty=5, opponentPenalty=3, home=hostia, bestPlayer=null, playoff=playoff, season=2015}
java.lang.StringIndexOutOfBoundsException: String index out of range: -10
	at java.lang.String.substring(String.java:1954)
	at com.mycompany.parcinghtml.ParsingMatch.parseMatch(ParsingMatch.java:147)
	at com.mycompany.parcinghtml.ParsingAllMatches.parsingMatches(ParsingAllMatches.java:45)
	at com.mycompany.parcinghtml.Main.main(Main.java:37)

May 29, 2015 5:52:30 PM com.mycompany.parcinghtml.ParsingMatch parseMatch
SEVERE: Parsing failed for match with id: Match{id=71, date=2013-10-04, opponent=Kometa Brno, spartaGoals=1, opponentGoals=2, spartaShots=18, opponentShots=35, spartaPenalty=6, opponentPenalty=1, home=hostia, bestPlayer=null, playoff=null, season=2014}
java.lang.StringIndexOutOfBoundsException: String index out of range: -10
	at java.lang.String.substring(String.java:1954)
	at com.mycompany.parcinghtml.ParsingMatch.parseMatch(ParsingMatch.java:147)
	at com.mycompany.parcinghtml.ParsingAllMatches.parsingMatches(ParsingAllMatches.java:45)
	at com.mycompany.parcinghtml.Main.main(Main.java:37)

May 29, 2015 5:52:33 PM com.mycompany.parcinghtml.ParsingMatch parseGoals
SEVERE: Player wasnt found in db: Assist{id=422, match=75, player=Přibyl I., goal=266, playerID=0}
May 29, 2015 5:52:34 PM com.mycompany.parcinghtml.ParsingMatch parseGoals
SEVERE: Player wasnt found in db: Assist{id=432, match=77, player=Přibyl I., goal=272, playerID=0}
May 29, 2015 5:52:38 PM com.mycompany.parcinghtml.ParsingMatch parseGoals
SEVERE: Player wasnt found in db: Assist{id=475, match=83, player=Klimek I., goal=301, playerID=0}
May 29, 2015 5:52:46 PM com.mycompany.parcinghtml.ParsingMatch parseGoals
SEVERE: Player wasnt found in db: Assist{id=546, match=95, player=Novotný, goal=347, playerID=0}
May 29, 2015 5:53:02 PM com.mycompany.parcinghtml.ParsingMatch parseMatch
SEVERE: Parsing failed for match with id: Match{id=122, date=2014-04-06, opponent=Kometa Brno, spartaGoals=2, opponentGoals=3, spartaShots=26, opponentShots=48, spartaPenalty=5, opponentPenalty=5, home=hostia, bestPlayer=null, playoff=playoff, season=2014}
java.lang.StringIndexOutOfBoundsException: String index out of range: -10
	at java.lang.String.substring(String.java:1954)
	at com.mycompany.parcinghtml.ParsingMatch.parseMatch(ParsingMatch.java:147)
	at com.mycompany.parcinghtml.ParsingAllMatches.parsingMatches(ParsingAllMatches.java:45)
	at com.mycompany.parcinghtml.Main.main(Main.java:37)

May 29, 2015 5:53:08 PM com.mycompany.parcinghtml.ParsingMatch parseGoals
SEVERE: Player wasnt found in db: Goal{id=453, match=128, player=Jan, minit=32, playerID=0}
May 29, 2015 5:53:09 PM com.mycompany.parcinghtml.ParsingMatch parseMatch
SEVERE: Parsing failed for match with id: Match{id=130, date=2012-09-23, opponent=Kladno, spartaGoals=3, opponentGoals=4, spartaShots=1, opponentShots=0, spartaPenalty=8, opponentPenalty=9, home=domaci, bestPlayer=null, playoff=null, season=2013}
java.lang.NumberFormatException: For input string: "0,1:1,2:1,2:4,3:4"
	at java.lang.NumberFormatException.forInputString(NumberFormatException.java:65)
	at java.lang.Integer.parseInt(Integer.java:580)
	at java.lang.Integer.parseInt(Integer.java:615)
	at com.mycompany.parcinghtml.ParsingMatch.parseMatch(ParsingMatch.java:123)
	at com.mycompany.parcinghtml.ParsingAllMatches.parsingMatches(ParsingAllMatches.java:45)
	at com.mycompany.parcinghtml.Main.main(Main.java:37)

May 29, 2015 5:53:09 PM com.mycompany.parcinghtml.ParsingMatch parseGoals
SEVERE: Player wasnt found in db: Assist{id=707, match=131, player=Vallin, goal=460, playerID=0}
May 29, 2015 5:53:10 PM com.mycompany.parcinghtml.ParsingMatch parseGoals
SEVERE: Player wasnt found in db: Assist{id=711, match=132, player=Vallin, goal=463, playerID=0}
May 29, 2015 5:53:11 PM com.mycompany.parcinghtml.ParsingMatch parseGoals
SEVERE: Player wasnt found in db: Assist{id=714, match=133, player=Gawryletz, goal=465, playerID=0}
May 29, 2015 5:53:11 PM com.mycompany.parcinghtml.ParsingMatch parseGoals
SEVERE: Player wasnt found in db: Assist{id=718, match=133, player=Vallin, goal=467, playerID=0}
May 29, 2015 5:53:11 PM com.mycompany.parcinghtml.ParsingMatch parseMatch
SEVERE: Parsing failed for match with id: Match{id=134, date=2012-10-02, opponent=Zlín, spartaGoals=1, opponentGoals=4, spartaShots=0, opponentShots=0, spartaPenalty=5, opponentPenalty=7, home=domaci, bestPlayer=null, playoff=null, season=2013}
java.lang.NumberFormatException: For input string: "4,1:4"
	at java.lang.NumberFormatException.forInputString(NumberFormatException.java:65)
	at java.lang.Integer.parseInt(Integer.java:580)
	at java.lang.Integer.parseInt(Integer.java:615)
	at com.mycompany.parcinghtml.ParsingMatch.parseMatch(ParsingMatch.java:123)
	at com.mycompany.parcinghtml.ParsingAllMatches.parsingMatches(ParsingAllMatches.java:45)
	at com.mycompany.parcinghtml.Main.main(Main.java:37)

May 29, 2015 5:53:12 PM com.mycompany.parcinghtml.ParsingMatch parseMatch
SEVERE: Parsing failed for match with id: Match{id=135, date=2012-10-04, opponent=Slavia, spartaGoals=2, opponentGoals=3, spartaShots=0, opponentShots=0, spartaPenalty=6, opponentPenalty=2, home=hostia, bestPlayer=null, playoff=null, season=2013}
java.lang.NumberFormatException: For input string: "1,1:1,1:2,3:2"
	at java.lang.NumberFormatException.forInputString(NumberFormatException.java:65)
	at java.lang.Integer.parseInt(Integer.java:580)
	at java.lang.Integer.parseInt(Integer.java:615)
	at com.mycompany.parcinghtml.ParsingMatch.parseMatch(ParsingMatch.java:143)
	at com.mycompany.parcinghtml.ParsingAllMatches.parsingMatches(ParsingAllMatches.java:45)
	at com.mycompany.parcinghtml.Main.main(Main.java:37)

May 29, 2015 5:53:13 PM com.mycompany.parcinghtml.ParsingMatch parseGoals
SEVERE: Player wasnt found in db: Assist{id=726, match=137, player=Vantuch, goal=473, playerID=0}
May 29, 2015 5:53:14 PM com.mycompany.parcinghtml.ParsingMatch parseMatch
SEVERE: Parsing failed for match with id: Match{id=139, date=2012-10-21, opponent=K. Vary, spartaGoals=4, opponentGoals=5, spartaShots=0, opponentShots=0, spartaPenalty=5, opponentPenalty=2, home=hostia, bestPlayer=null, playoff=null, season=2013}
java.lang.NumberFormatException: For input string: ".Průběhutkání"
	at java.lang.NumberFormatException.forInputString(NumberFormatException.java:65)
	at java.lang.Integer.parseInt(Integer.java:569)
	at java.lang.Integer.parseInt(Integer.java:615)
	at com.mycompany.parcinghtml.ParsingMatch.parseMatch(ParsingMatch.java:142)
	at com.mycompany.parcinghtml.ParsingAllMatches.parsingMatches(ParsingAllMatches.java:45)
	at com.mycompany.parcinghtml.Main.main(Main.java:37)

May 29, 2015 5:53:15 PM com.mycompany.parcinghtml.ParsingMatch parseGoals
SEVERE: Player wasnt found in db: Assist{id=733, match=140, player=Vallin, goal=479, playerID=0}
May 29, 2015 5:53:16 PM com.mycompany.parcinghtml.ParsingMatch parseGoals
SEVERE: Player wasnt found in db: Assist{id=752, match=143, player=Mojžíš, goal=490, playerID=0}
May 29, 2015 5:53:17 PM com.mycompany.parcinghtml.ParsingMatch parseGoals
SEVERE: Player wasnt found in db: Assist{id=754, match=144, player=Mojžíš, goal=491, playerID=0}
May 29, 2015 5:53:17 PM com.mycompany.parcinghtml.ParsingMatch parseMatch
SEVERE: Parsing failed for match with id: Match{id=145, date=2012-11-14, opponent=Plzeň, spartaGoals=3, opponentGoals=2, spartaShots=1, opponentShots=0, spartaPenalty=4, opponentPenalty=5, home=domaci, bestPlayer=null, playoff=null, season=2013}
java.lang.NumberFormatException: For input string: "0,1:3,2:3"
	at java.lang.NumberFormatException.forInputString(NumberFormatException.java:65)
	at java.lang.Integer.parseInt(Integer.java:580)
	at java.lang.Integer.parseInt(Integer.java:615)
	at com.mycompany.parcinghtml.ParsingMatch.parseMatch(ParsingMatch.java:123)
	at com.mycompany.parcinghtml.ParsingAllMatches.parsingMatches(ParsingAllMatches.java:45)
	at com.mycompany.parcinghtml.Main.main(Main.java:37)

May 29, 2015 5:53:18 PM com.mycompany.parcinghtml.ParsingMatch parseMatch
SEVERE: Parsing failed for match with id: Match{id=146, date=2012-11-16, opponent=Zlín, spartaGoals=3, opponentGoals=2, spartaShots=0, opponentShots=0, spartaPenalty=8, opponentPenalty=3, home=hostia, bestPlayer=null, playoff=null, season=2013}
java.lang.NumberFormatException: For input string: ".Průběhutkání"
	at java.lang.NumberFormatException.forInputString(NumberFormatException.java:65)
	at java.lang.Integer.parseInt(Integer.java:569)
	at java.lang.Integer.parseInt(Integer.java:615)
	at com.mycompany.parcinghtml.ParsingMatch.parseMatch(ParsingMatch.java:142)
	at com.mycompany.parcinghtml.ParsingAllMatches.parsingMatches(ParsingAllMatches.java:45)
	at com.mycompany.parcinghtml.Main.main(Main.java:37)

May 29, 2015 5:53:18 PM com.mycompany.parcinghtml.ParsingMatch parseGoals
SEVERE: Player wasnt found in db: Goal{id=492, match=147, player=Jan, minit=2, playerID=0}
May 29, 2015 5:53:19 PM com.mycompany.parcinghtml.ParsingMatch parseMatch
SEVERE: Parsing failed for match with id: Match{id=148, date=2012-11-20, opponent=Litvínov, spartaGoals=3, opponentGoals=2, spartaShots=0, opponentShots=1, spartaPenalty=5, opponentPenalty=4, home=hostia, bestPlayer=null, playoff=null, season=2013}
java.lang.NumberFormatException: For input string: "0,1:2,2:2,2:3"
	at java.lang.NumberFormatException.forInputString(NumberFormatException.java:65)
	at java.lang.Integer.parseInt(Integer.java:580)
	at java.lang.Integer.parseInt(Integer.java:615)
	at com.mycompany.parcinghtml.ParsingMatch.parseMatch(ParsingMatch.java:143)
	at com.mycompany.parcinghtml.ParsingAllMatches.parsingMatches(ParsingAllMatches.java:45)
	at com.mycompany.parcinghtml.Main.main(Main.java:37)

May 29, 2015 5:53:20 PM com.mycompany.parcinghtml.ParsingMatch parseGoals
SEVERE: Player wasnt found in db: Assist{id=761, match=150, player=Vallin, goal=496, playerID=0}
May 29, 2015 5:53:22 PM com.mycompany.parcinghtml.ParsingMatch parseMatch
SEVERE: Parsing failed for match with id: Match{id=154, date=2012-12-07, opponent=Chomutov, spartaGoals=5, opponentGoals=1, spartaShots=0, opponentShots=0, spartaPenalty=7, opponentPenalty=7, home=hostia, bestPlayer=null, playoff=null, season=2013}
java.lang.NumberFormatException: For input string: "1,1:1,1:5"
	at java.lang.NumberFormatException.forInputString(NumberFormatException.java:65)
	at java.lang.Integer.parseInt(Integer.java:580)
	at java.lang.Integer.parseInt(Integer.java:615)
	at com.mycompany.parcinghtml.ParsingMatch.parseMatch(ParsingMatch.java:143)
	at com.mycompany.parcinghtml.ParsingAllMatches.parsingMatches(ParsingAllMatches.java:45)
	at com.mycompany.parcinghtml.Main.main(Main.java:37)

May 29, 2015 5:53:23 PM com.mycompany.parcinghtml.ParsingMatch parseGoals
SEVERE: Player wasnt found in db: Assist{id=775, match=155, player=Sekáč, goal=506, playerID=0}
May 29, 2015 5:53:23 PM com.mycompany.parcinghtml.ParsingMatch parseGoals
SEVERE: Player wasnt found in db: Assist{id=782, match=155, player=Sekáč, goal=509, playerID=0}
May 29, 2015 5:53:23 PM com.mycompany.parcinghtml.ParsingMatch parseGoals
SEVERE: Player wasnt found in db: Assist{id=783, match=155, player=Neuvirth, goal=510, playerID=0}
May 29, 2015 5:53:23 PM com.mycompany.parcinghtml.ParsingMatch parseMatch
SEVERE: Parsing failed for match with id: Match{id=156, date=2012-12-19, opponent=Budějovice, spartaGoals=3, opponentGoals=2, spartaShots=0, opponentShots=40, spartaPenalty=5, opponentPenalty=3, home=hostia, bestPlayer=null, playoff=null, season=2013}
java.lang.NumberFormatException: For input string: "19Průběhutkání:0:1,1:1,1:2,2:2,2:3"
	at java.lang.NumberFormatException.forInputString(NumberFormatException.java:65)
	at java.lang.Integer.parseInt(Integer.java:580)
	at java.lang.Integer.parseInt(Integer.java:615)
	at com.mycompany.parcinghtml.ParsingMatch.parseMatch(ParsingMatch.java:143)
	at com.mycompany.parcinghtml.ParsingAllMatches.parsingMatches(ParsingAllMatches.java:45)
	at com.mycompany.parcinghtml.Main.main(Main.java:37)

May 29, 2015 5:53:24 PM com.mycompany.parcinghtml.ParsingMatch parseGoals
SEVERE: Player wasnt found in db: Goal{id=513, match=157, player=Sekáč, minit=40, playerID=0}
May 29, 2015 5:53:25 PM com.mycompany.parcinghtml.ParsingMatch parseMatch
SEVERE: Parsing failed for match with id: Match{id=159, date=2012-12-28, opponent=Zlín, spartaGoals=1, opponentGoals=2, spartaShots=0, opponentShots=0, spartaPenalty=5, opponentPenalty=6, home=domaci, bestPlayer=null, playoff=null, season=2013}
java.lang.NumberFormatException: For input string: "1,1:1,1:2"
	at java.lang.NumberFormatException.forInputString(NumberFormatException.java:65)
	at java.lang.Integer.parseInt(Integer.java:580)
	at java.lang.Integer.parseInt(Integer.java:615)
	at com.mycompany.parcinghtml.ParsingMatch.parseMatch(ParsingMatch.java:123)
	at com.mycompany.parcinghtml.ParsingAllMatches.parsingMatches(ParsingAllMatches.java:45)
	at com.mycompany.parcinghtml.Main.main(Main.java:37)

May 29, 2015 5:53:25 PM com.mycompany.parcinghtml.ParsingMatch parseMatch
SEVERE: Parsing failed for match with id: Match{id=160, date=2012-12-30, opponent=Slavia, spartaGoals=3, opponentGoals=4, spartaShots=0, opponentShots=0, spartaPenalty=6, opponentPenalty=5, home=hostia, bestPlayer=null, playoff=null, season=2013}
java.lang.NumberFormatException: For input string: "2,1:2,1:3,4:3"
	at java.lang.NumberFormatException.forInputString(NumberFormatException.java:65)
	at java.lang.Integer.parseInt(Integer.java:580)
	at java.lang.Integer.parseInt(Integer.java:615)
	at com.mycompany.parcinghtml.ParsingMatch.parseMatch(ParsingMatch.java:143)
	at com.mycompany.parcinghtml.ParsingAllMatches.parsingMatches(ParsingAllMatches.java:45)
	at com.mycompany.parcinghtml.Main.main(Main.java:37)

May 29, 2015 5:53:26 PM com.mycompany.parcinghtml.ParsingMatch parseGoals
SEVERE: Player wasnt found in db: Assist{id=792, match=161, player=Jan, goal=520, playerID=0}
May 29, 2015 5:53:26 PM com.mycompany.parcinghtml.ParsingMatch parseGoals
SEVERE: Player wasnt found in db: Assist{id=795, match=161, player=Sekáč, goal=521, playerID=0}
May 29, 2015 5:53:26 PM com.mycompany.parcinghtml.ParsingMatch parseGoals
SEVERE: Player wasnt found in db: Goal{id=526, match=162, player=Jan, minit=51, playerID=0}
May 29, 2015 5:53:27 PM com.mycompany.parcinghtml.ParsingMatch parseGoals
SEVERE: Player wasnt found in db: Goal{id=535, match=163, player=Sekáč, minit=54, playerID=0}
May 29, 2015 5:53:30 PM com.mycompany.parcinghtml.ParsingMatch parseGoals
SEVERE: Player wasnt found in db: Goal{id=552, match=168, player=Jar., minit=17, playerID=0}
May 29, 2015 5:53:30 PM com.mycompany.parcinghtml.ParsingMatch parseGoals
SEVERE: Player wasnt found in db: Goal{id=555, match=168, player=Jar., minit=56, playerID=0}
May 29, 2015 5:53:31 PM com.mycompany.parcinghtml.ParsingMatch parseGoals
SEVERE: Player wasnt found in db: Goal{id=567, match=171, player=Jar., minit=27, playerID=0}
May 29, 2015 5:53:43 PM com.mycompany.parcinghtml.ParsingMatch parseMatch
SEVERE: Parsing failed for match with id: Match{id=186, date=2011-09-18, opponent=Kladno, spartaGoals=2, opponentGoals=3, spartaShots=0, opponentShots=1, spartaPenalty=5, opponentPenalty=9, home=hostia, bestPlayer=null, playoff=null, season=2012}
java.lang.NumberFormatException: For input string: "0,1:2,3:2"
	at java.lang.NumberFormatException.forInputString(NumberFormatException.java:65)
	at java.lang.Integer.parseInt(Integer.java:580)
	at java.lang.Integer.parseInt(Integer.java:615)
	at com.mycompany.parcinghtml.ParsingMatch.parseMatch(ParsingMatch.java:143)
	at com.mycompany.parcinghtml.ParsingAllMatches.parsingMatches(ParsingAllMatches.java:45)
	at com.mycompany.parcinghtml.Main.main(Main.java:37)

May 29, 2015 5:53:46 PM com.mycompany.parcinghtml.ParsingMatch parseMatch
SEVERE: Parsing failed for match with id: Match{id=191, date=2011-10-04, opponent=K. Vary, spartaGoals=3, opponentGoals=5, spartaShots=0, opponentShots=0, spartaPenalty=6, opponentPenalty=6, home=domaci, bestPlayer=null, playoff=null, season=2012}
java.lang.NumberFormatException: For input string: "2,2:2,2:4,3:4,3:5"
	at java.lang.NumberFormatException.forInputString(NumberFormatException.java:65)
	at java.lang.Integer.parseInt(Integer.java:580)
	at java.lang.Integer.parseInt(Integer.java:615)
	at com.mycompany.parcinghtml.ParsingMatch.parseMatch(ParsingMatch.java:123)
	at com.mycompany.parcinghtml.ParsingAllMatches.parsingMatches(ParsingAllMatches.java:45)
	at com.mycompany.parcinghtml.Main.main(Main.java:37)

May 29, 2015 5:53:48 PM com.mycompany.parcinghtml.ParsingMatch parseMatch
SEVERE: Parsing failed for match with id: Match{id=194, date=2011-10-11, opponent=Vítkovice, spartaGoals=4, opponentGoals=2, spartaShots=0, opponentShots=0, spartaPenalty=3, opponentPenalty=9, home=domaci, bestPlayer=null, playoff=null, season=2012}
java.lang.NumberFormatException: For input string: ".Průběhutkání"
	at java.lang.NumberFormatException.forInputString(NumberFormatException.java:65)
	at java.lang.Integer.parseInt(Integer.java:569)
	at java.lang.Integer.parseInt(Integer.java:615)
	at com.mycompany.parcinghtml.ParsingMatch.parseMatch(ParsingMatch.java:122)
	at com.mycompany.parcinghtml.ParsingAllMatches.parsingMatches(ParsingAllMatches.java:45)
	at com.mycompany.parcinghtml.Main.main(Main.java:37)

May 29, 2015 5:53:49 PM com.mycompany.parcinghtml.ParsingMatch parseMatch
SEVERE: Parsing failed for match with id: Match{id=196, date=2011-10-16, opponent=Litvínov, spartaGoals=5, opponentGoals=1, spartaShots=4, opponentShots=0, spartaPenalty=7, opponentPenalty=10, home=domaci, bestPlayer=null, playoff=null, season=2012}
java.lang.NumberFormatException: For input string: "0,4:1,5:1"
	at java.lang.NumberFormatException.forInputString(NumberFormatException.java:65)
	at java.lang.Integer.parseInt(Integer.java:580)
	at java.lang.Integer.parseInt(Integer.java:615)
	at com.mycompany.parcinghtml.ParsingMatch.parseMatch(ParsingMatch.java:123)
	at com.mycompany.parcinghtml.ParsingAllMatches.parsingMatches(ParsingAllMatches.java:45)
	at com.mycompany.parcinghtml.Main.main(Main.java:37)

May 29, 2015 5:53:52 PM com.mycompany.parcinghtml.ParsingMatch parseMatch
SEVERE: Parsing failed for match with id: Match{id=200, date=2011-10-26, opponent=Plzeň, spartaGoals=5, opponentGoals=4, spartaShots=0, opponentShots=1, spartaPenalty=12, opponentPenalty=7, home=hostia, bestPlayer=null, playoff=null, season=2012}
java.lang.NumberFormatException: For input string: "0,1:3,3:3,3:4,4:4,4:5"
	at java.lang.NumberFormatException.forInputString(NumberFormatException.java:65)
	at java.lang.Integer.parseInt(Integer.java:580)
	at java.lang.Integer.parseInt(Integer.java:615)
	at com.mycompany.parcinghtml.ParsingMatch.parseMatch(ParsingMatch.java:143)
	at com.mycompany.parcinghtml.ParsingAllMatches.parsingMatches(ParsingAllMatches.java:45)
	at com.mycompany.parcinghtml.Main.main(Main.java:37)

May 29, 2015 5:53:52 PM com.mycompany.parcinghtml.ParsingMatch parseGoals
SEVERE: Player wasnt found in db: Goal{id=629, match=201, player=Jan, minit=46, playerID=0}
May 29, 2015 5:53:54 PM com.mycompany.parcinghtml.ParsingMatch parseMatch
SEVERE: Parsing failed for match with id: Match{id=204, date=2011-11-04, opponent=Vítkovice, spartaGoals=6, opponentGoals=3, spartaShots=0, opponentShots=1, spartaPenalty=4, opponentPenalty=4, home=hostia, bestPlayer=null, playoff=null, season=2012}
java.lang.NumberFormatException: For input string: "0,1:2,2:2,2:5,3:5,3:6"
	at java.lang.NumberFormatException.forInputString(NumberFormatException.java:65)
	at java.lang.Integer.parseInt(Integer.java:580)
	at java.lang.Integer.parseInt(Integer.java:615)
	at com.mycompany.parcinghtml.ParsingMatch.parseMatch(ParsingMatch.java:143)
	at com.mycompany.parcinghtml.ParsingAllMatches.parsingMatches(ParsingAllMatches.java:45)
	at com.mycompany.parcinghtml.Main.main(Main.java:37)

May 29, 2015 5:53:55 PM com.mycompany.parcinghtml.ParsingMatch parseMatch
SEVERE: Parsing failed for match with id: Match{id=205, date=2011-11-06, opponent=Budějovice, spartaGoals=2, opponentGoals=3, spartaShots=0, opponentShots=0, spartaPenalty=7, opponentPenalty=7, home=domaci, bestPlayer=null, playoff=null, season=2012}
java.lang.NumberFormatException: For input string: "1,1:1,1:2,2:22:3"
	at java.lang.NumberFormatException.forInputString(NumberFormatException.java:65)
	at java.lang.Integer.parseInt(Integer.java:580)
	at java.lang.Integer.parseInt(Integer.java:615)
	at com.mycompany.parcinghtml.ParsingMatch.parseMatch(ParsingMatch.java:123)
	at com.mycompany.parcinghtml.ParsingAllMatches.parsingMatches(ParsingAllMatches.java:45)
	at com.mycompany.parcinghtml.Main.main(Main.java:37)

May 29, 2015 5:53:55 PM com.mycompany.parcinghtml.ParsingMatch parseGoals
SEVERE: Player wasnt found in db: Goal{id=638, match=206, player=Jan, minit=11, playerID=0}
May 29, 2015 5:53:56 PM com.mycompany.parcinghtml.ParsingMatch parseMatch
SEVERE: Parsing failed for match with id: Match{id=207, date=2011-11-17, opponent=Zlín, spartaGoals=1, opponentGoals=2, spartaShots=0, opponentShots=0, spartaPenalty=1, opponentPenalty=2, home=domaci, bestPlayer=null, playoff=null, season=2012}
java.lang.NumberFormatException: For input string: "1,1:1,1:2"
	at java.lang.NumberFormatException.forInputString(NumberFormatException.java:65)
	at java.lang.Integer.parseInt(Integer.java:580)
	at java.lang.Integer.parseInt(Integer.java:615)
	at com.mycompany.parcinghtml.ParsingMatch.parseMatch(ParsingMatch.java:123)
	at com.mycompany.parcinghtml.ParsingAllMatches.parsingMatches(ParsingAllMatches.java:45)
	at com.mycompany.parcinghtml.Main.main(Main.java:37)

May 29, 2015 5:53:56 PM com.mycompany.parcinghtml.ParsingMatch parseGoals
SEVERE: Player wasnt found in db: Assist{id=961, match=208, player=Broš I., goal=640, playerID=0}
May 29, 2015 5:53:56 PM com.mycompany.parcinghtml.ParsingMatch parseGoals
SEVERE: Player wasnt found in db: Assist{id=966, match=208, player=Kočí Y., goal=644, playerID=0}
May 29, 2015 5:53:57 PM com.mycompany.parcinghtml.ParsingMatch parseGoals
SEVERE: Player wasnt found in db: Goal{id=647, match=209, player=Jan, minit=22, playerID=0}
May 29, 2015 5:53:57 PM com.mycompany.parcinghtml.ParsingMatch parseMatch
SEVERE: Parsing failed for match with id: Match{id=210, date=2011-11-27, opponent=Litvínov, spartaGoals=2, opponentGoals=1, spartaShots=0, opponentShots=1, spartaPenalty=5, opponentPenalty=6, home=hostia, bestPlayer=null, playoff=null, season=2012}
java.lang.NumberFormatException: For input string: "0,1:2"
	at java.lang.NumberFormatException.forInputString(NumberFormatException.java:65)
	at java.lang.Integer.parseInt(Integer.java:580)
	at java.lang.Integer.parseInt(Integer.java:615)
	at com.mycompany.parcinghtml.ParsingMatch.parseMatch(ParsingMatch.java:143)
	at com.mycompany.parcinghtml.ParsingAllMatches.parsingMatches(ParsingAllMatches.java:45)
	at com.mycompany.parcinghtml.Main.main(Main.java:37)

May 29, 2015 5:53:59 PM com.mycompany.parcinghtml.ParsingMatch parseGoals
SEVERE: Player wasnt found in db: Goal{id=655, match=214, player=Treillle Y., minit=39, playerID=0}
May 29, 2015 5:54:00 PM com.mycompany.parcinghtml.ParsingMatch parseMatch
SEVERE: Parsing failed for match with id: Match{id=216, date=2011-12-20, opponent=Vítkovice, spartaGoals=5, opponentGoals=2, spartaShots=0, opponentShots=0, spartaPenalty=6, opponentPenalty=10, home=domaci, bestPlayer=null, playoff=null, season=2012}
java.lang.NumberFormatException: For input string: "1,2:1,2:2,5:2"
	at java.lang.NumberFormatException.forInputString(NumberFormatException.java:65)
	at java.lang.Integer.parseInt(Integer.java:580)
	at java.lang.Integer.parseInt(Integer.java:615)
	at com.mycompany.parcinghtml.ParsingMatch.parseMatch(ParsingMatch.java:123)
	at com.mycompany.parcinghtml.ParsingAllMatches.parsingMatches(ParsingAllMatches.java:45)
	at com.mycompany.parcinghtml.Main.main(Main.java:37)

May 29, 2015 5:54:01 PM com.mycompany.parcinghtml.ParsingMatch parseMatch
SEVERE: Parsing failed for match with id: Match{id=217, date=2011-12-22, opponent=Budějovice, spartaGoals=4, opponentGoals=1, spartaShots=0, opponentShots=1, spartaPenalty=7, opponentPenalty=5, home=hostia, bestPlayer=null, playoff=null, season=2012}
java.lang.StringIndexOutOfBoundsException: String index out of range: -256
	at java.lang.String.substring(String.java:1954)
	at com.mycompany.parcinghtml.ParsingMatch.parseMatch(ParsingMatch.java:143)
	at com.mycompany.parcinghtml.ParsingAllMatches.parsingMatches(ParsingAllMatches.java:45)
	at com.mycompany.parcinghtml.Main.main(Main.java:37)

May 29, 2015 5:54:03 PM com.mycompany.parcinghtml.ParsingMatch parseMatch
SEVERE: Parsing failed for match with id: Match{id=220, date=2012-01-03, opponent=Plzeň, spartaGoals=2, opponentGoals=5, spartaShots=0, opponentShots=0, spartaPenalty=0, opponentPenalty=2, home=hostia, bestPlayer=null, playoff=null, season=2012}
java.lang.NumberFormatException: For input string: "5832.Střelynabranku"
	at java.lang.NumberFormatException.forInputString(NumberFormatException.java:65)
	at java.lang.Integer.parseInt(Integer.java:580)
	at java.lang.Integer.parseInt(Integer.java:615)
	at com.mycompany.parcinghtml.ParsingMatch.parseMatch(ParsingMatch.java:142)
	at com.mycompany.parcinghtml.ParsingAllMatches.parsingMatches(ParsingAllMatches.java:45)
	at com.mycompany.parcinghtml.Main.main(Main.java:37)

May 29, 2015 5:54:04 PM com.mycompany.parcinghtml.ParsingMatch parseMatch
SEVERE: Parsing failed for match with id: Match{id=222, date=2012-01-08, opponent=Ml.Boleslav, spartaGoals=2, opponentGoals=0, spartaShots=1, opponentShots=0, spartaPenalty=4, opponentPenalty=3, home=domaci, bestPlayer=null, playoff=null, season=2012}
java.lang.NumberFormatException: For input string: "0,2:0"
	at java.lang.NumberFormatException.forInputString(NumberFormatException.java:65)
	at java.lang.Integer.parseInt(Integer.java:580)
	at java.lang.Integer.parseInt(Integer.java:615)
	at com.mycompany.parcinghtml.ParsingMatch.parseMatch(ParsingMatch.java:123)
	at com.mycompany.parcinghtml.ParsingAllMatches.parsingMatches(ParsingAllMatches.java:45)
	at com.mycompany.parcinghtml.Main.main(Main.java:37)

May 29, 2015 5:54:05 PM com.mycompany.parcinghtml.ParsingMatch parseMatch
SEVERE: Parsing failed for match with id: Match{id=223, date=2012-01-13, opponent=Litvínov, spartaGoals=6, opponentGoals=1, spartaShots=0, opponentShots=0, spartaPenalty=4, opponentPenalty=9, home=hostia, bestPlayer=null, playoff=null, season=2012}
java.lang.NumberFormatException: For input string: "4285.Průběhutkání"
	at java.lang.NumberFormatException.forInputString(NumberFormatException.java:65)
	at java.lang.Integer.parseInt(Integer.java:580)
	at java.lang.Integer.parseInt(Integer.java:615)
	at com.mycompany.parcinghtml.ParsingMatch.parseMatch(ParsingMatch.java:142)
	at com.mycompany.parcinghtml.ParsingAllMatches.parsingMatches(ParsingAllMatches.java:45)
	at com.mycompany.parcinghtml.Main.main(Main.java:37)

May 29, 2015 5:54:06 PM com.mycompany.parcinghtml.ParsingMatch parseGoals
SEVERE: Player wasnt found in db: Assist{id=1005, match=225, player=Rachůnek S., goal=674, playerID=0}
May 29, 2015 5:54:07 PM com.mycompany.parcinghtml.ParsingMatch parseMatch
SEVERE: Parsing failed for match with id: Match{id=227, date=2012-01-22, opponent=Liberec, spartaGoals=6, opponentGoals=4, spartaShots=0, opponentShots=0, spartaPenalty=7, opponentPenalty=9, home=domaci, bestPlayer=null, playoff=null, season=2012}
java.lang.NumberFormatException: For input string: "1,4:1,4:2,5:2,5:3,6:3,6:4"
	at java.lang.NumberFormatException.forInputString(NumberFormatException.java:65)
	at java.lang.Integer.parseInt(Integer.java:580)
	at java.lang.Integer.parseInt(Integer.java:615)
	at com.mycompany.parcinghtml.ParsingMatch.parseMatch(ParsingMatch.java:123)
	at com.mycompany.parcinghtml.ParsingAllMatches.parsingMatches(ParsingAllMatches.java:45)
	at com.mycompany.parcinghtml.Main.main(Main.java:37)

May 29, 2015 5:54:08 PM com.mycompany.parcinghtml.ParsingMatch parseMatch
SEVERE: Parsing failed for match with id: Match{id=229, date=2012-01-29, opponent=Kometa Brno, spartaGoals=4, opponentGoals=5, spartaShots=0, opponentShots=0, spartaPenalty=5, opponentPenalty=3, home=domaci, bestPlayer=null, playoff=null, season=2012}
java.lang.NumberFormatException: For input string: "1,1:1,1:3,4:3,4:5"
	at java.lang.NumberFormatException.forInputString(NumberFormatException.java:65)
	at java.lang.Integer.parseInt(Integer.java:580)
	at java.lang.Integer.parseInt(Integer.java:615)
	at com.mycompany.parcinghtml.ParsingMatch.parseMatch(ParsingMatch.java:123)
	at com.mycompany.parcinghtml.ParsingAllMatches.parsingMatches(ParsingAllMatches.java:45)
	at com.mycompany.parcinghtml.Main.main(Main.java:37)

May 29, 2015 5:54:10 PM com.mycompany.parcinghtml.ParsingMatch parseMatch
SEVERE: Parsing failed for match with id: Match{id=233, date=2012-02-15, opponent=Zlín, spartaGoals=1, opponentGoals=2, spartaShots=0, opponentShots=0, spartaPenalty=7, opponentPenalty=6, home=domaci, bestPlayer=null, playoff=null, season=2012}
java.lang.NumberFormatException: For input string: "1,1:1,1:2"
	at java.lang.NumberFormatException.forInputString(NumberFormatException.java:65)
	at java.lang.Integer.parseInt(Integer.java:580)
	at java.lang.Integer.parseInt(Integer.java:615)
	at com.mycompany.parcinghtml.ParsingMatch.parseMatch(ParsingMatch.java:123)
	at com.mycompany.parcinghtml.ParsingAllMatches.parsingMatches(ParsingAllMatches.java:45)
	at com.mycompany.parcinghtml.Main.main(Main.java:37)

May 29, 2015 5:54:11 PM com.mycompany.parcinghtml.ParsingMatch parseGoals
SEVERE: Player wasnt found in db: Goal{id=693, match=235, player=Jan, minit=2, playerID=0}
May 29, 2015 5:54:14 PM com.mycompany.parcinghtml.ParsingMatch parseGoals
SEVERE: Player wasnt found in db: Goal{id=705, match=239, player=Jan, minit=7, playerID=0}
May 29, 2015 5:54:15 PM com.mycompany.parcinghtml.ParsingMatch parseMatch
SEVERE: Parsing failed for match with id: Match{id=242, date=2012-03-17, opponent=Kometa Brno, spartaGoals=1, opponentGoals=3, spartaShots=1, opponentShots=0, spartaPenalty=8, opponentPenalty=6, home=domaci, bestPlayer=null, playoff=playoff, season=2012}
java.lang.NumberFormatException: For input string: "0,1:3"
	at java.lang.NumberFormatException.forInputString(NumberFormatException.java:65)
	at java.lang.Integer.parseInt(Integer.java:580)
	at java.lang.Integer.parseInt(Integer.java:615)
	at com.mycompany.parcinghtml.ParsingMatch.parseMatch(ParsingMatch.java:123)
	at com.mycompany.parcinghtml.ParsingAllMatches.parsingMatches(ParsingAllMatches.java:45)
	at com.mycompany.parcinghtml.Main.main(Main.java:37)

May 29, 2015 5:54:18 PM com.mycompany.parcinghtml.ParsingMatch parseGoals
SEVERE: Player wasnt found in db: Goal{id=718, match=245, player=Jan, minit=40, playerID=0}
May 29, 2015 5:54:18 PM com.mycompany.parcinghtml.ParsingMatch parseGoals
SEVERE: Player wasnt found in db: Assist{id=1067, match=245, player=Kůrka, goal=718, playerID=0}
May 29, 2015 5:54:18 PM com.mycompany.parcinghtml.ParsingMatch parseGoals
SEVERE: Player wasnt found in db: Goal{id=719, match=245, player=O´Brien, minit=49, playerID=0}
May 29, 2015 5:54:19 PM com.mycompany.parcinghtml.ParsingMatch parseGoals
SEVERE: Player wasnt found in db: Goal{id=720, match=246, player=O´Brien, minit=5, playerID=0}
May 29, 2015 5:54:19 PM com.mycompany.parcinghtml.ParsingMatch parseGoals
SEVERE: Player wasnt found in db: Assist{id=1069, match=246, player=Kůrka, goal=720, playerID=0}
May 29, 2015 5:54:19 PM com.mycompany.parcinghtml.ParsingMatch parseGoals
SEVERE: Player wasnt found in db: Assist{id=1070, match=246, player=Salcido, goal=720, playerID=0}
May 29, 2015 5:54:19 PM com.mycompany.parcinghtml.ParsingMatch parseGoals
SEVERE: Player wasnt found in db: Goal{id=722, match=246, player=Jan, minit=43, playerID=0}
May 29, 2015 5:54:19 PM com.mycompany.parcinghtml.ParsingMatch parseGoals
SEVERE: Player wasnt found in db: Assist{id=1076, match=247, player=O´Brien, goal=724, playerID=0}
May 29, 2015 5:54:19 PM com.mycompany.parcinghtml.ParsingMatch parseGoals
SEVERE: Player wasnt found in db: Goal{id=726, match=247, player=Kůrka, minit=47, playerID=0}
May 29, 2015 5:54:20 PM com.mycompany.parcinghtml.ParsingMatch parseMatch
SEVERE: Parsing failed for match with id: Match{id=249, date=2010-10-01, opponent=Kometa Brno, spartaGoals=3, opponentGoals=4, spartaShots=1, opponentShots=0, spartaPenalty=3, opponentPenalty=5, home=domaci, bestPlayer=null, playoff=null, season=2011}
java.lang.NumberFormatException: For input string: "0,1:33:3,3:4"
	at java.lang.NumberFormatException.forInputString(NumberFormatException.java:65)
	at java.lang.Integer.parseInt(Integer.java:580)
	at java.lang.Integer.parseInt(Integer.java:615)
	at com.mycompany.parcinghtml.ParsingMatch.parseMatch(ParsingMatch.java:123)
	at com.mycompany.parcinghtml.ParsingAllMatches.parsingMatches(ParsingAllMatches.java:45)
	at com.mycompany.parcinghtml.Main.main(Main.java:37)

May 29, 2015 5:54:21 PM com.mycompany.parcinghtml.ParsingMatch parseGoals
SEVERE: Player wasnt found in db: Goal{id=732, match=251, player=Kůrka, minit=41, playerID=0}
May 29, 2015 5:54:21 PM com.mycompany.parcinghtml.ParsingMatch parseGoals
SEVERE: Player wasnt found in db: Goal{id=733, match=251, player=Salcido, minit=63, playerID=0}
May 29, 2015 5:54:22 PM com.mycompany.parcinghtml.ParsingMatch parseGoals
SEVERE: Player wasnt found in db: Assist{id=1090, match=252, player=Jan, goal=734, playerID=0}
May 29, 2015 5:54:22 PM com.mycompany.parcinghtml.ParsingMatch parseGoals
SEVERE: Player wasnt found in db: Assist{id=1091, match=252, player=O´Brien, goal=734, playerID=0}
May 29, 2015 5:54:23 PM com.mycompany.parcinghtml.ParsingMatch parseMatch
SEVERE: Parsing failed for match with id: Match{id=255, date=2010-10-17, opponent=Vítkovice, spartaGoals=2, opponentGoals=5, spartaShots=0, opponentShots=2, spartaPenalty=7, opponentPenalty=7, home=hostia, bestPlayer=null, playoff=null, season=2011}
java.lang.NumberFormatException: For input string: "0,2:1,4:1,4:2,5:2"
	at java.lang.NumberFormatException.forInputString(NumberFormatException.java:65)
	at java.lang.Integer.parseInt(Integer.java:580)
	at java.lang.Integer.parseInt(Integer.java:615)
	at com.mycompany.parcinghtml.ParsingMatch.parseMatch(ParsingMatch.java:143)
	at com.mycompany.parcinghtml.ParsingAllMatches.parsingMatches(ParsingAllMatches.java:45)
	at com.mycompany.parcinghtml.Main.main(Main.java:37)

May 29, 2015 5:54:24 PM com.mycompany.parcinghtml.ParsingMatch parseGoals
SEVERE: Player wasnt found in db: Assist{id=1101, match=257, player=Kůrka, goal=741, playerID=0}
May 29, 2015 5:54:24 PM com.mycompany.parcinghtml.ParsingMatch parseGoals
SEVERE: Player wasnt found in db: Goal{id=741, match=257, player=David, minit=58, playerID=0}
May 29, 2015 5:54:26 PM com.mycompany.parcinghtml.ParsingMatch parseMatch
SEVERE: Parsing failed for match with id: Match{id=260, date=2010-10-29, opponent=Plzeň, spartaGoals=3, opponentGoals=0, spartaShots=0, opponentShots=0, spartaPenalty=5, opponentPenalty=6, home=domaci, bestPlayer=null, playoff=null, season=2011}
java.lang.NumberFormatException: For input string: "0,3:0"
	at java.lang.NumberFormatException.forInputString(NumberFormatException.java:65)
	at java.lang.Integer.parseInt(Integer.java:580)
	at java.lang.Integer.parseInt(Integer.java:615)
	at com.mycompany.parcinghtml.ParsingMatch.parseMatch(ParsingMatch.java:123)
	at com.mycompany.parcinghtml.ParsingAllMatches.parsingMatches(ParsingAllMatches.java:45)
	at com.mycompany.parcinghtml.Main.main(Main.java:37)

May 29, 2015 5:54:28 PM com.mycompany.parcinghtml.ParsingMatch parseGoals
SEVERE: Player wasnt found in db: Assist{id=1113, match=264, player=O´Brien, goal=748, playerID=0}
May 29, 2015 5:54:28 PM com.mycompany.parcinghtml.ParsingMatch parseGoals
SEVERE: Player wasnt found in db: Assist{id=1114, match=264, player=Kůrka, goal=749, playerID=0}
May 29, 2015 5:54:29 PM com.mycompany.parcinghtml.ParsingMatch parseGoals
SEVERE: Player wasnt found in db: Goal{id=751, match=265, player=Jan, minit=56, playerID=0}
May 29, 2015 5:54:30 PM com.mycompany.parcinghtml.ParsingMatch parseMatch
SEVERE: Parsing failed for match with id: Match{id=267, date=2010-11-21, opponent=Budějovice, spartaGoals=3, opponentGoals=4, spartaShots=1, opponentShots=0, spartaPenalty=5, opponentPenalty=6, home=domaci, bestPlayer=null, playoff=null, season=2011}
java.lang.NumberFormatException: For input string: "0,1:2,2:2,2:4,3:4"
	at java.lang.NumberFormatException.forInputString(NumberFormatException.java:65)
	at java.lang.Integer.parseInt(Integer.java:580)
	at java.lang.Integer.parseInt(Integer.java:615)
	at com.mycompany.parcinghtml.ParsingMatch.parseMatch(ParsingMatch.java:123)
	at com.mycompany.parcinghtml.ParsingAllMatches.parsingMatches(ParsingAllMatches.java:45)
	at com.mycompany.parcinghtml.Main.main(Main.java:37)

May 29, 2015 5:54:31 PM com.mycompany.parcinghtml.ParsingMatch parseMatch
SEVERE: Parsing failed for match with id: Match{id=269, date=2010-11-26, opponent=Liberec, spartaGoals=1, opponentGoals=4, spartaShots=0, opponentShots=0, spartaPenalty=5, opponentPenalty=3, home=hostia, bestPlayer=null, playoff=null, season=2011}
java.lang.NumberFormatException: For input string: "1,4:1"
	at java.lang.NumberFormatException.forInputString(NumberFormatException.java:65)
	at java.lang.Integer.parseInt(Integer.java:580)
	at java.lang.Integer.parseInt(Integer.java:615)
	at com.mycompany.parcinghtml.ParsingMatch.parseMatch(ParsingMatch.java:143)
	at com.mycompany.parcinghtml.ParsingAllMatches.parsingMatches(ParsingAllMatches.java:45)
	at com.mycompany.parcinghtml.Main.main(Main.java:37)

May 29, 2015 5:54:32 PM com.mycompany.parcinghtml.ParsingMatch parseMatch
SEVERE: Parsing failed for match with id: Match{id=270, date=2010-11-28, opponent=Vítkovice, spartaGoals=1, opponentGoals=4, spartaShots=0, opponentShots=0, spartaPenalty=7, opponentPenalty=9, home=domaci, bestPlayer=null, playoff=null, season=2011}
java.lang.NumberFormatException: For input string: "3,1:3,1:4"
	at java.lang.NumberFormatException.forInputString(NumberFormatException.java:65)
	at java.lang.Integer.parseInt(Integer.java:580)
	at java.lang.Integer.parseInt(Integer.java:615)
	at com.mycompany.parcinghtml.ParsingMatch.parseMatch(ParsingMatch.java:123)
	at com.mycompany.parcinghtml.ParsingAllMatches.parsingMatches(ParsingAllMatches.java:45)
	at com.mycompany.parcinghtml.Main.main(Main.java:37)

May 29, 2015 5:54:32 PM com.mycompany.parcinghtml.ParsingMatch parseGoals
SEVERE: Player wasnt found in db: Assist{id=1122, match=271, player=O´Brien, goal=755, playerID=0}
May 29, 2015 5:54:33 PM com.mycompany.parcinghtml.ParsingMatch parseMatch
SEVERE: Parsing failed for match with id: Match{id=272, date=2010-12-02, opponent=Pardubice, spartaGoals=1, opponentGoals=4, spartaShots=0, opponentShots=1, spartaPenalty=8, opponentPenalty=7, home=hostia, bestPlayer=null, playoff=null, season=2011}
java.lang.NumberFormatException: For input string: "0,1:1,4:1"
	at java.lang.NumberFormatException.forInputString(NumberFormatException.java:65)
	at java.lang.Integer.parseInt(Integer.java:580)
	at java.lang.Integer.parseInt(Integer.java:615)
	at com.mycompany.parcinghtml.ParsingMatch.parseMatch(ParsingMatch.java:143)
	at com.mycompany.parcinghtml.ParsingAllMatches.parsingMatches(ParsingAllMatches.java:45)
	at com.mycompany.parcinghtml.Main.main(Main.java:37)

May 29, 2015 5:54:33 PM com.mycompany.parcinghtml.ParsingMatch parseGoals
SEVERE: Player wasnt found in db: Assist{id=1125, match=273, player=Jan, goal=757, playerID=0}
May 29, 2015 5:54:34 PM com.mycompany.parcinghtml.ParsingMatch parseGoals
SEVERE: Player wasnt found in db: Goal{id=765, match=274, player=Kůrka, minit=53, playerID=0}
